1753771509.331898 client started (2756233): version 2.7, socket /tmp/tmux-1018/default, protocol 8
1753771509.331914 on Linux 4.18.0-425.3.1.el8.x86_64 #1 SMP Wed Nov 9 20:13:27 UTC 2022; libevent 2.1.8-stable (poll)
1753771509.331923 socket is /tmp/tmux-1018/default
1753771509.331930 trying connect
1753771509.331938 connect failed: Connection refused
1753771509.331942 lock file is /tmp/tmux-1018/default.lock
1753771509.331963 flock succeeded
1753771509.331965 got lock (6)
1753771509.331968 trying connect
1753771509.331972 connect failed: Connection refused
1753771509.332111 add peer 0x55c342d0e780: 7 ((nil))
1753771509.332168 sending message 100 to peer 0x55c342d0e780 (4 bytes)
1753771509.332174 sending message 101 to peer 0x55c342d0e780 (15 bytes)
1753771509.332176 sending message 102 to peer 0x55c342d0e780 (12 bytes)
1753771509.332178 sending message 108 to peer 0x55c342d0e780 (25 bytes)
1753771509.332180 sending message 104 to peer 0x55c342d0e780 (0 bytes)
1753771509.332181 sending message 107 to peer 0x55c342d0e780 (4 bytes)
1753771509.332183 sending message 105 to peer 0x55c342d0e780 (14 bytes)
1753771509.332185 sending message 105 to peer 0x55c342d0e780 (74 bytes)
1753771509.332187 sending message 105 to peer 0x55c342d0e780 (1790 bytes)
1753771509.332194 sending message 105 to peer 0x55c342d0e780 (46 bytes)
1753771509.332197 sending message 105 to peer 0x55c342d0e780 (51 bytes)
1753771509.332198 sending message 105 to peer 0x55c342d0e780 (50 bytes)
1753771509.332200 sending message 105 to peer 0x55c342d0e780 (13 bytes)
1753771509.332202 sending message 105 to peer 0x55c342d0e780 (23 bytes)
1753771509.332203 sending message 105 to peer 0x55c342d0e780 (34 bytes)
1753771509.332205 sending message 105 to peer 0x55c342d0e780 (16 bytes)
1753771509.332207 sending message 105 to peer 0x55c342d0e780 (27 bytes)
1753771509.332208 sending message 105 to peer 0x55c342d0e780 (48 bytes)
1753771509.332210 sending message 105 to peer 0x55c342d0e780 (14 bytes)
1753771509.332212 sending message 105 to peer 0x55c342d0e780 (25 bytes)
1753771509.332214 sending message 105 to peer 0x55c342d0e780 (21 bytes)
1753771509.332216 sending message 105 to peer 0x55c342d0e780 (53 bytes)
1753771509.332218 sending message 105 to peer 0x55c342d0e780 (15 bytes)
1753771509.332219 sending message 105 to peer 0x55c342d0e780 (41 bytes)
1753771509.332221 sending message 105 to peer 0x55c342d0e780 (29 bytes)
1753771509.332222 sending message 105 to peer 0x55c342d0e780 (51 bytes)
1753771509.332224 sending message 105 to peer 0x55c342d0e780 (21 bytes)
1753771509.332226 sending message 105 to peer 0x55c342d0e780 (54 bytes)
1753771509.332228 sending message 105 to peer 0x55c342d0e780 (34 bytes)
1753771509.332230 sending message 105 to peer 0x55c342d0e780 (124 bytes)
1753771509.332231 sending message 105 to peer 0x55c342d0e780 (31 bytes)
1753771509.332233 sending message 105 to peer 0x55c342d0e780 (15 bytes)
1753771509.332235 sending message 105 to peer 0x55c342d0e780 (29 bytes)
1753771509.332236 sending message 105 to peer 0x55c342d0e780 (20 bytes)
1753771509.332238 sending message 105 to peer 0x55c342d0e780 (31 bytes)
1753771509.332240 sending message 105 to peer 0x55c342d0e780 (20 bytes)
1753771509.332241 sending message 105 to peer 0x55c342d0e780 (16 bytes)
1753771509.332243 sending message 105 to peer 0x55c342d0e780 (28 bytes)
1753771509.332245 sending message 105 to peer 0x55c342d0e780 (8 bytes)
1753771509.332247 sending message 105 to peer 0x55c342d0e780 (29 bytes)
1753771509.332249 sending message 105 to peer 0x55c342d0e780 (147 bytes)
1753771509.332250 sending message 105 to peer 0x55c342d0e780 (13 bytes)
1753771509.332252 sending message 105 to peer 0x55c342d0e780 (18 bytes)
1753771509.332254 sending message 105 to peer 0x55c342d0e780 (54 bytes)
1753771509.332255 sending message 105 to peer 0x55c342d0e780 (31 bytes)
1753771509.332257 sending message 105 to peer 0x55c342d0e780 (97 bytes)
1753771509.332259 sending message 105 to peer 0x55c342d0e780 (387 bytes)
1753771509.332261 sending message 105 to peer 0x55c342d0e780 (48 bytes)
1753771509.332262 sending message 105 to peer 0x55c342d0e780 (31 bytes)
1753771509.332271 sending message 105 to peer 0x55c342d0e780 (22 bytes)
1753771509.332273 sending message 105 to peer 0x55c342d0e780 (19 bytes)
1753771509.332274 sending message 105 to peer 0x55c342d0e780 (14 bytes)
1753771509.332276 sending message 105 to peer 0x55c342d0e780 (18 bytes)
1753771509.332277 sending message 105 to peer 0x55c342d0e780 (35 bytes)
1753771509.332279 sending message 105 to peer 0x55c342d0e780 (145 bytes)
1753771509.332281 sending message 105 to peer 0x55c342d0e780 (49 bytes)
1753771509.332286 sending message 105 to peer 0x55c342d0e780 (1093 bytes)
1753771509.332291 sending message 105 to peer 0x55c342d0e780 (645 bytes)
1753771509.332293 sending message 105 to peer 0x55c342d0e780 (119 bytes)
1753771509.332295 sending message 105 to peer 0x55c342d0e780 (38 bytes)
1753771509.332296 sending message 105 to peer 0x55c342d0e780 (16 bytes)
1753771509.332298 sending message 105 to peer 0x55c342d0e780 (23 bytes)
1753771509.332300 sending message 106 to peer 0x55c342d0e780 (0 bytes)
1753771509.332302 sending message 200 to peer 0x55c342d0e780 (4 bytes)
1753771509.332303 client loop enter
1753771509.338177 peer 0x55c342d0e780 message 207
1753771509.338195 sending message 208 to peer 0x55c342d0e780 (0 bytes)
1753771529.012102 peer 0x55c342d0e780 message 203
1753771529.012125 sending message 205 to peer 0x55c342d0e780 (0 bytes)
1753771529.012252 peer 0x55c342d0e780 message 204
1753771529.012256 client loop exit
